<?xml version="1.0" encoding="UTF-8"?>
<!-- Generated by org.testng.reporters.JUnitReportReporter -->
<testsuite hostname="Kavitas-MacBook-Pro.local" failures="0" tests="3" name="practice2.NewClass" time="0.006" errors="0" timestamp="2021-04-15T12:17:04 IST" skipped="0">
  <testcase classname="practice2.NewClass" name="loginClass" time="0.005"/>
  <system-out/>
  <testcase classname="practice2.NewClass" name="printValue" time="0.000"/>
  <system-out/>
  <testcase classname="practice2.NewClass" name="printValue" time="0.001"/>
  <system-out/>
</testsuite> <!-- practice2.NewClass -->
